<?xml version="1.0" encoding="UTF-8"?>
<testsuite xmlns:xsi="http://www.w3.org/2001/XMLSchema-instance" xsi:noNamespaceSchemaLocation="https://maven.apache.org/surefire/maven-surefire-plugin/xsd/surefire-test-report-3.0.xsd" version="3.0" name="com.aluracursos.screenmatch.ScreenmatchApplicationTests" time="3.167" tests="1" errors="0" skipped="0" failures="0">
  <properties>
[...]
</properties>
  <testcase name="contextLoads" classname="com.aluracursos.screenmatch.ScreenmatchApplicationTests" time="0.952">
    <system-out><![CDATA[16:27:02.312 [main] INFO org.springframework.test.context.support.AnnotationConfigContextLoaderUtils -- Could not detect default configuration classes for test class [com.aluracursos.screenmatch.ScreenmatchApplicationTests]: ScreenmatchApplicationTests does not declare any static, non-private, non-final, nested classes annotated with @Configuration.
16:27:02.453 [main] INFO org.springframework.boot.test.context.SpringBootTestContextBootstrapper -- Found @SpringBootConfiguration com.aluracursos.screenmatch.ScreenmatchApplication for test class com.aluracursos.screenmatch.ScreenmatchApplicationTests

  .   ____          _            __ _ _
 /\\ / ___'_ __ _ _(_)_ __  __ _ \ \ \ \
( ( )\___ | '_ | '_| | '_ \/ _` | \ \ \ \
 \\/  ___)| |_)| | | | | || (_| |  ) ) ) )
  '  |____| .__|_| |_|_| |_\__, | / / / /
 =========|_|==============|___/=/_/_/_/

 :: Spring Boot ::                (v3.3.5)

2024-10-31T16:27:02.927-03:00  INFO 26588 --- [screenmatch] [           main] c.a.s.ScreenmatchApplicationTests        : Starting ScreenmatchApplicationTests using Java 21.0.3 with PID 26588 (started by Nahuel in C:\Users\Nahuel\Desktop\CursoOracle\screenmatch\screenmatch)
2024-10-31T16:27:02.929-03:00  INFO 26588 --- [screenmatch] [           main] c.a.s.ScreenmatchApplicationTests        : No active profile set, falling back to 1 default profile: "default"
2024-10-31T16:27:03.509-03:00  INFO 26588 --- [screenmatch] [           main] c.a.s.ScreenmatchApplicationTests        : Started ScreenmatchApplicationTests in 0.888 seconds (process running for 2.012)
{
  "file": "https://coffee.alexflipnote.dev/3XiMtwZPuXQ_coffee.jpg"
}
]]></system-out>
    <system-err><![CDATA[WARNING: A Java agent has been loaded dynamically (C:\Users\Nahuel\.m2\repository\net\bytebuddy\byte-buddy-agent\1.14.19\byte-buddy-agent-1.14.19.jar)
WARNING: If a serviceability tool is in use, please run with -XX:+EnableDynamicAgentLoading to hide this warning
WARNING: If a serviceability tool is not in use, please run with -Djdk.instrument.traceUsage for more information
WARNING: Dynamic loading of agents will be disallowed by default in a future release
]]></system-err>
  </testcase>
</testsuite>